<?xml version="1.0" encoding="UTF-8"?>
<!-- Generated by org.testng.reporters.JUnitXMLReporter -->
<testsuite hostname="Akalya-PC" name="pendingleaverequestTestcase" tests="1" failures="0" timestamp="4 May 2020 13:34:21 GMT" time="0.045" errors="0">
  <testcase name="@BeforeClass beforeClass" time="0.0" classname="com.TestCase.Test_PendingleaveReq">
    <skipped/>
  </testcase> <!-- @BeforeClass beforeClass -->
  <testcase name="verifyPendingLeaveRequest" time="0.0" classname="com.TestCase.Test_PendingleaveReq">
    <skipped/>
  </testcase> <!-- verifyPendingLeaveRequest -->
</testsuite> <!-- pendingleaverequestTestcase -->
