<?xml version="1.0" encoding="UTF-8"?>
<!-- Generated by org.testng.reporters.JUnitXMLReporter -->
<testsuite hostname="Akalya-PC" name="UserroleTestcase" tests="1" failures="0" timestamp="4 May 2020 13:34:21 GMT" time="0.012" errors="0">
  <testcase name="@BeforeSuite launchbrowser" time="0.0" classname="com.TestCase.Test_UserRole">
    <failure type="java.lang.NullPointerException">
      <![CDATA[java.lang.NullPointerException
	at com.commonfunctions.CommonFunctions.launchbrowser(CommonFunctions.java:63)
... Removed 19 stack frames]]>
    </failure>
  </testcase> <!-- @BeforeSuite launchbrowser -->
  <testcase name="@BeforeClass beforeClass" time="0.0" classname="com.TestCase.Test_UserRole">
    <skipped/>
  </testcase> <!-- @BeforeClass beforeClass -->
  <testcase name="verifyUserole" time="0.0" classname="com.TestCase.Test_UserRole">
    <skipped/>
  </testcase> <!-- verifyUserole -->
</testsuite> <!-- UserroleTestcase -->
