<?xml version="1.0" encoding="UTF-8"?>
<!-- Generated by org.testng.reporters.JUnitXMLReporter -->
<testsuite hostname="Akalya-PC" name="Test" tests="1" failures="0" timestamp="3 May 2020 07:41:00 GMT" time="0.035" errors="0">
  <testcase name="@BeforeSuite launchbrowser" time="0.0" classname="com.TestCase.Test_PendingleaveReq">
    <failure type="java.io.FileNotFoundException" message="D:\config.properties (The system cannot find the file specified)">
      <![CDATA[java.io.FileNotFoundException: D:\config.properties (The system cannot find the file specified)
	at java.io.FileInputStream.open0(Native Method)
	at java.io.FileInputStream.open(Unknown Source)
	at java.io.FileInputStream.<init>(Unknown Source)
	at java.io.FileInputStream.<init>(Unknown Source)
	at com.commonfunctions.CommonFunctions.Loadproperties(CommonFunctions.java:25)
	at com.commonfunctions.CommonFunctions.launchbrowser(CommonFunctions.java:43)
... Removed 19 stack frames]]>
    </failure>
  </testcase> <!-- @BeforeSuite launchbrowser -->
  <testcase name="@BeforeClass beforeClass" time="0.0" classname="com.TestCase.Test_PendingleaveReq">
    <skipped/>
  </testcase> <!-- @BeforeClass beforeClass -->
  <testcase name="verifyPendingLeaveRequest" time="0.0" classname="com.TestCase.Test_PendingleaveReq">
    <skipped/>
  </testcase> <!-- verifyPendingLeaveRequest -->
</testsuite> <!-- Test -->
