<?xml version="1.0" encoding="UTF-8"?>
<!-- Generated by org.testng.reporters.JUnitXMLReporter -->
<testsuite hostname="Akalya-PC" name="Default test" tests="3" failures="0" timestamp="14 May 2020 14:52:40 GMT" time="37.386" errors="0">
  <testcase name="openGoogle" time="2.804" classname="com.Extenteport.ExtentEg"/>
  <testcase name="openping" time="17.711" classname="com.Extenteport.ExtentEg"/>
  <testcase name="openyahoo" time="16.827" classname="com.Extenteport.ExtentEg"/>
</testsuite> <!-- Default test -->
